----------------------------------------------------------------
Fri Mar 27 11:18:45 IST 2020:
Booting Derby version The Apache Software Foundation - Apache Derby - 10.14.2.0 - (1828579): instance a816c00e-0171-1a89-1add-000006233318 
on database directory memory:C:\Users\xeadmin\Downloads\assignment\testdb with class loader sun.misc.Launcher$AppClassLoader@73d16e93 
Loaded from file:/C:/Users/xeadmin/.m2/repository/org/apache/derby/derby/10.14.2.0/derby-10.14.2.0.jar
java.vendor=Oracle Corporation
java.runtime.version=1.8.0_201-b09
user.dir=C:\Users\xeadmin\Downloads\assignment
os.name=Windows 10
os.arch=amd64
os.version=10.0
derby.system.home=null
Database Class Loader started - derby.database.classpath=''
----------------------------------------------------------------
Fri Mar 27 11:20:04 IST 2020:
Shutting down instance a816c00e-0171-1a89-1add-000006233318 on database directory memory:C:\Users\xeadmin\Downloads\assignment\testdb with class loader sun.misc.Launcher$AppClassLoader@73d16e93 
----------------------------------------------------------------
Fri Mar 27 11:20:07 IST 2020:
Booting Derby version The Apache Software Foundation - Apache Derby - 10.14.2.0 - (1828579): instance 3405c0cb-0171-1a89-1add-000006233318 
on database directory memory:C:\Users\xeadmin\Downloads\assignment\testdb with class loader sun.misc.Launcher$AppClassLoader@73d16e93 
Loaded from file:/C:/Users/xeadmin/.m2/repository/org/apache/derby/derby/10.14.2.0/derby-10.14.2.0.jar
java.vendor=Oracle Corporation
java.runtime.version=1.8.0_201-b09
user.dir=C:\Users\xeadmin\Downloads\assignment
os.name=Windows 10
os.arch=amd64
os.version=10.0
derby.system.home=null
Database Class Loader started - derby.database.classpath=''
